{
  "stats": {
    "suites": 1,
    "tests": 1,
    "passes": 0,
    "pending": 0,
    "failures": 1,
    "start": "2021-04-15T08:58:24.128Z",
    "end": "2021-04-15T08:58:58.239Z",
    "duration": 34111,
    "testsRegistered": 2,
    "passPercent": 0,
    "pendingPercent": 0,
    "other": 1,
    "hasOther": true,
    "skipped": 1,
    "hasSkipped": true
  },
  "results": [
    {
      "uuid": "3dc34382-7afc-4aa1-b0a7-ddddf58ab68e",
      "title": "",
      "fullFile": "tests/cypress/tests/linkPage.spec.js",
      "file": "testscypress/tests/linkPage.spec.js",
      "beforeHooks": [],
      "afterHooks": [],
      "tests": [],
      "suites": [
        {
          "uuid": "e7ed267a-b6d0-4b12-943b-ac60b997b634",
          "title": "Search: Linked page",
          "fullFile": "",
          "file": "",
          "beforeHooks": [],
          "afterHooks": [],
          "tests": [
            {
              "title": "[P2][Sev2][search] overview page should has link to search page",
              "fullTitle": "Search: Linked page [P2][Sev2][search] overview page should has link to search page",
              "timedOut": null,
              "duration": 0,
              "state": "failed",
              "speed": null,
              "pass": false,
              "fail": true,
              "pending": false,
              "context": null,
              "code": "_overview.overviewPage.shouldHaveLinkToSearchPage();",
              "err": {
                "message": "AssertionError: Timed out retrying: Expected to find content: 'kube:admin' but never did.\n\nBecause this error occurred during a `before all` hook we are skipping the remaining tests in the current suite: `Search: Linked page`\n\nAlthough you have test retries enabled, we do not retry tests when `before all` or `after all` hooks fail",
                "estack": "AssertionError: Timed out retrying: Expected to find content: 'kube:admin' but never did.\n\nBecause this error occurred during a `before all` hook we are skipping the remaining tests in the current suite: `Search: Linked page`\n\nAlthough you have test retries enabled, we do not retry tests when `before all` or `after all` hooks fail\n    at Context.eval (https://multicloud-console.apps.acmqeosd.y0wn.p1.openshiftapps.com/__cypress/tests?p=tests/cypress/support/index.js:2656:46)",
                "diff": null
              },
              "uuid": "cc840c1c-d762-436a-a717-4eb2089c534e",
              "parentUUID": "e7ed267a-b6d0-4b12-943b-ac60b997b634",
              "isHook": false,
              "skipped": false
            },
            {
              "title": "[P2][Sev2][search] clusters page should has link to search page",
              "fullTitle": "Search: Linked page [P2][Sev2][search] clusters page should has link to search page",
              "timedOut": null,
              "duration": 188,
              "state": "failed",
              "speed": null,
              "pass": false,
              "fail": true,
              "pending": false,
              "context": null,
              "code": "_clusters.clustersPage.shouldHaveLinkToSearchPage();",
              "err": {
                "message": "AssertionError: expected null to exist\n\nBecause this error occurred during a `after all` hook we are skipping the remaining tests in the current suite: `Search: Linked page`\n\nAlthough you have test retries enabled, we do not retry tests when `before all` or `after all` hooks fail",
                "estack": "AssertionError: expected null to exist\n\nBecause this error occurred during a `after all` hook we are skipping the remaining tests in the current suite: `Search: Linked page`\n\nAlthough you have test retries enabled, we do not retry tests when `before all` or `after all` hooks fail\n    at Context.eval (https://multicloud-console.apps.acmqeosd.y0wn.p1.openshiftapps.com/__cypress/tests?p=tests/cypress/support/index.js:2759:43)",
                "diff": null
              },
              "uuid": "32bcbdae-ab6e-43f0-b5c6-4d413b280047",
              "parentUUID": "e7ed267a-b6d0-4b12-943b-ac60b997b634",
              "isHook": false,
              "skipped": false
            }
          ],
          "suites": [],
          "passes": [],
          "failures": [
            "cc840c1c-d762-436a-a717-4eb2089c534e",
            "32bcbdae-ab6e-43f0-b5c6-4d413b280047"
          ],
          "pending": [],
          "skipped": [],
          "duration": 188,
          "root": false,
          "rootEmpty": false,
          "_timeout": 2000
        }
      ],
      "passes": [],
      "failures": [],
      "pending": [],
      "skipped": [],
      "duration": 0,
      "root": true,
      "rootEmpty": true,
      "_timeout": 2000
    }
  ],
  "meta": {
    "mocha": {
      "version": "7.0.1"
    },
    "mochawesome": {
      "options": {
        "quiet": false,
        "reportFilename": "mochawesome-report.json",
        "saveHtml": false,
        "saveJson": true,
        "consoleReporter": "spec",
        "useInlineDiffs": false,
        "code": true
      },
      "version": "6.1.1"
    },
    "marge": {
      "options": {
        "id": "default",
        "reportDir": "results/json",
        "reportFilename": "mochawesome-report.json",
        "overwrite": false,
        "html": false,
        "json": true
      },
      "version": "5.1.0"
    }
  }
}