<?xml version="1.0" encoding="UTF-8"?>
<testsuites name="Mocha Tests" time="0.0000" tests="4" failures="2">
  <testsuite name="Root Suite" timestamp="2021-04-15T08:59:43" tests="0" file="tests/cypress/tests/savedSearches.spec.js" time="0.0000" failures="0">
  </testsuite>
  <testsuite name="Search: Saved searches" timestamp="2021-04-15T08:59:43" tests="4" time="0.0000" failures="2">
    <testcase name="Search: Saved searches &quot;before all&quot; hook for &quot;[P2][Sev2][search] should find each managed cluster has default namespace&quot;" time="0.0000" classname="&quot;before all&quot; hook for &quot;[P2][Sev2][search] should find each managed cluster has default namespace&quot;">
      <failure message="Timed out retrying: Expected to find content: &apos;kube:admin&apos; but never did.

Because this error occurred during a `before all` hook we are skipping the remaining tests in the current suite: `Search: Saved searches`

Although you have test retries enabled, we do not retry tests when `before all` or `after all` hooks fail" type="AssertionError"><![CDATA[AssertionError: Timed out retrying: Expected to find content: 'kube:admin' but never did.

Because this error occurred during a `before all` hook we are skipping the remaining tests in the current suite: `Search: Saved searches`

Although you have test retries enabled, we do not retry tests when `before all` or `after all` hooks fail
    at Context.eval (https://multicloud-console.apps.acmqeosd.y0wn.p1.openshiftapps.com/__cypress/tests?p=tests/cypress/support/index.js:2656:46)]]></failure>
    </testcase>
    <testcase name="Search: Saved searches &quot;after all&quot; hook for &quot;[P2][Sev2][search] should be able to find the saved searches&quot;" time="0.0000" classname="&quot;after all&quot; hook for &quot;[P2][Sev2][search] should be able to find the saved searches&quot;">
      <failure message="Timed out retrying: Expected to find element: `.pf-c-title.pf-m-md`, but never found it.

Because this error occurred during a `after all` hook we are skipping the remaining tests in the current suite: `Search: Saved searches`

Although you have test retries enabled, we do not retry tests when `before all` or `after all` hooks fail" type="AssertionError"><![CDATA[AssertionError: Timed out retrying: Expected to find element: `.pf-c-title.pf-m-md`, but never found it.

Because this error occurred during a `after all` hook we are skipping the remaining tests in the current suite: `Search: Saved searches`

Although you have test retries enabled, we do not retry tests when `before all` or `after all` hooks fail
    at Object.whenDeleteSavedSearch (https://multicloud-console.apps.acmqeosd.y0wn.p1.openshiftapps.com/__cypress/tests?p=tests/cypress/tests/savedSearches.spec.js:1178:8)
    at Context.eval (https://multicloud-console.apps.acmqeosd.y0wn.p1.openshiftapps.com/__cypress/tests?p=tests/cypress/tests/savedSearches.spec.js:1001:34)]]></failure>
    </testcase>
  </testsuite>
</testsuites>